[19:01:24] [INIT] KubeJS 1902.6.1-build.352; MC 1902 forge
[19:01:24] [INIT] Loaded plugins:
[19:01:24] [INIT] - dev.latvian.mods.kubejs.forge.BuiltinKubeJSForgePlugin
[19:01:24] [INIT] - dev.ftb.mods.ftbic.kubejs.FTBICKubeJSPlugin
[19:01:24] [INIT] - com.almostreliable.ponderjs.PonderJSPlugin
[19:01:24] [INIT] - com.klikli_dev.modonomicon.integration.kubejs.ModonomiconKubeJSPlugin
[19:01:27] [INFO] Loaded script server_scripts:postUnify/_before.js in 0.007 s
[19:01:27] [INFO] Loaded script server_scripts:postUnify/dust.js in 0.003 s
[19:01:27] [INFO] Loaded script server_scripts:postUnify/wires.js in 0.003 s
[19:01:27] [INFO] Loaded script server_scripts:postUnify/storage_blocks.js in 0.002 s
[19:01:27] [INFO] Loaded script server_scripts:postUnify/ingots.js in 0.003 s
[19:01:27] [INFO] Loaded script server_scripts:postUnify/nuggets.js in 0.003 s
[19:01:27] [INFO] Loaded script server_scripts:postUnify/raw_materials.js in 0.002 s
[19:01:27] [INFO] Loaded script server_scripts:postUnify/plates.js in 0.002 s
[19:01:27] [INFO] Loaded script server_scripts:postUnify/rods.js in 0.001 s
[19:01:27] [INFO] Loaded script server_scripts:postUnify/gears.js in 0.001 s
[19:01:27] [INFO] Loaded script server_scripts:configurable/chunkloading.js in 0.0 s
[19:01:27] [INFO] Loaded script server_scripts:configurable/nuke.js in 0.003 s
[19:01:27] [INFO] Loaded script server_scripts:conflicts.js in 0.004 s
[19:01:27] [INFO] Loaded script server_scripts:erroringRecipes.js in 0.002 s
[19:01:27] [INFO] Loaded script server_scripts:modpack/atm_alloys.js in 0.002 s
[19:01:27] [INFO] Loaded script server_scripts:modpack/atm_alloy_tools.js in 0.001 s
[19:01:27] [INFO] Loaded script server_scripts:modpack/atm_molten_fluids.js in 0.001 s
[19:01:27] [INFO] Loaded script server_scripts:modpack/atm_shard.js in 0.001 s
[19:01:27] [INFO] Loaded script server_scripts:modpack/atm_star.js in 0.001 s
[19:01:27] [INFO] Loaded script server_scripts:modpack/atm_star_creative.js in 0.004 s
[19:01:27] [INFO] Loaded script server_scripts:modpack/att_items.js in 0.002 s
[19:01:27] [INFO] Loaded script server_scripts:modpack/bugs.js in 0.0 s
[19:01:27] [INFO] Loaded script server_scripts:modpack/mini_portals.js in 0.001 s
[19:01:27] [INFO] Loaded script server_scripts:modpack/music_discs.js in 0.001 s
[19:01:27] [INFO] Loaded script server_scripts:modpack/patrick_star.js in 0.0 s
[19:01:27] [INFO] Loaded script server_scripts:mods/ad_astra/ad_astra.js in 0.001 s
[19:01:27] [INFO] Loaded script server_scripts:mods/ae/recipes.js in 0.0 s
[19:01:27] [INFO] Loaded script server_scripts:mods/allthemodium/armor_upgrades.js in 0.0 s
[19:01:27] [INFO] Loaded script server_scripts:mods/allthemodium/piglich_heart.js in 0.0 s
[19:01:27] [INFO] Loaded script server_scripts:mods/angelring/angelring.js in 0.0 s
[19:01:27] [INFO] Loaded script server_scripts:mods/ars_nouveau/ars_nouveau.js in 0.0 s
[19:01:27] [INFO] Loaded script server_scripts:mods/buildinggadgets/recipes.js in 0.0 s
[19:01:27] [INFO] server_scripts:mods/chemlib/blocks.js:1: Loaded Java class 'com.smashingmods.chemlib.registry.ItemRegistry'
[19:01:27] [INFO] Loaded script server_scripts:mods/chemlib/blocks.js in 0.004 s
[19:01:27] [INFO] Loaded script server_scripts:mods/computercraft/turtles.js in 0.0 s
[19:01:27] [INFO] Loaded script server_scripts:mods/create/crushed_platinum.js in 0.0 s
[19:01:27] [INFO] Loaded script server_scripts:mods/eccentrictome/tome.js in 0.016 s
[19:01:27] [INFO] Loaded script server_scripts:mods/entangled/recipes.js in 0.001 s
[19:01:27] [INFO] Loaded script server_scripts:mods/evilcraft/evilcraft.js in 0.001 s
[19:01:27] [INFO] Loaded script server_scripts:mods/farmersdelight/create_compat.js in 0.001 s
[19:01:27] [INFO] server_scripts:mods/farmingforblockheads/market.js:59: Loaded Java class 'net.blay09.mods.farmingforblockheads.api.FarmingForBlockheadsAPI'
[19:01:27] [INFO] Loaded script server_scripts:mods/farmingforblockheads/market.js in 0.002 s
[19:01:27] [INFO] Loaded script server_scripts:mods/ftbic/book.js in 0.0 s
[19:01:27] [INFO] Loaded script server_scripts:mods/ftbquests/customTask.js in 0.001 s
[19:01:27] [INFO] Loaded script server_scripts:mods/hexerei/hexereiDupe.js in 0.001 s
[19:01:27] [INFO] Loaded script server_scripts:mods/hostileneuralnetworks/hnn.js in 0.001 s
[19:01:27] [INFO] Loaded script server_scripts:mods/industrialforegoing/fluid_extractor.js in 0.0 s
[19:01:27] [INFO] Loaded script server_scripts:mods/industrialforegoing/industrial_foregoing.js in 0.001 s
[19:01:27] [INFO] Loaded script server_scripts:mods/mekanism/mekanism.js in 0.001 s
[19:01:27] [INFO] Loaded script server_scripts:mods/mekanism/mekanismServer.js in 0.002 s
[19:01:27] [INFO] Loaded script server_scripts:mods/mininggadgets/upgrade.js in 0.0 s
[19:01:27] [INFO] Loaded script server_scripts:mods/mysticalagriculture/crafting.js in 0.001 s
[19:01:27] [INFO] server_scripts:mods/mysticalagriculture/crops.js:1: Loaded Java class 'com.blakebr0.mysticalagriculture.registry.CropRegistry'
[19:01:27] [INFO] Loaded script server_scripts:mods/mysticalagriculture/crops.js in 0.003 s
[19:01:27] [INFO] Loaded script server_scripts:mods/quark/quark.js in 0.0 s
[19:01:27] [INFO] Loaded script server_scripts:mods/quarryplus/quarrying.js in 0.001 s
[19:01:27] [INFO] Loaded script server_scripts:mods/refinedstorage/refinedstorage.js in 0.001 s
[19:01:27] [INFO] Loaded script server_scripts:mods/reliquary/reliquary.js in 0.0 s
[19:01:27] [INFO] Loaded script server_scripts:mods/rftools/builder.js in 0.0 s
[19:01:27] [INFO] Loaded script server_scripts:mods/silent_gear/salvager.js in 0.0 s
[19:01:27] [INFO] Loaded script server_scripts:mods/structure_compass/structure_compass.js in 0.001 s
[19:01:27] [INFO] Loaded script server_scripts:mods/timeinabottle/recipes.js in 0.0 s
[19:01:27] [INFO] Loaded script server_scripts:mods/twilightforest/removals.js in 0.0 s
[19:01:27] [INFO] Loaded script server_scripts:ore_removal.js in 0.001 s
[19:01:27] [INFO] Loaded script server_scripts:tags.js in 0.0 s
[19:01:27] [INFO] Loaded script server_scripts:xpFluids.js in 0.0 s
[19:01:27] [INFO] Loaded 63/63 KubeJS server scripts in 0.119 s
[19:01:27] [INFO] Scripts loaded
[19:01:27] [INFO] Initializing recipe event...
[19:01:32] [INFO] [minecraft:worldgen/biome] Found 627 tags, added 11 objects, removed 0 objects
[19:01:32] [INFO] [minecraft:fluid] Found 84 tags, added 0 objects, removed 12 objects
[19:01:32] [INFO] [minecraft:entity_type] Found 136 tags, added 194 objects, removed 0 objects
[19:01:33] [ERROR] ! Error occurred while handling event 'ServerEvents.tags': java.lang.IllegalStateException
[19:01:33] [ERROR] ! Error occurred while handling event 'ServerEvents.tags': java.lang.IllegalStateException
[19:01:33] [ERROR] ! java.lang.IllegalStateException
[19:01:33] [ERROR] ! java.lang.IllegalStateException
[19:01:33] [ERROR] ! 	at TRANSFORMER/rhino@1902.2.2-build.268/dev.latvian.mods.rhino.ScriptRuntime.doTopCall(ScriptRuntime.java:2628)
[19:01:33] [ERROR] ! 	at TRANSFORMER/rhino@1902.2.2-build.268/dev.latvian.mods.rhino.ScriptRuntime.doTopCall(ScriptRuntime.java:2628)
[19:01:33] [ERROR] ! 	at TRANSFORMER/rhino@1902.2.2-build.268/dev.latvian.mods.rhino.InterpretedFunction.call(InterpretedFunction.java:70)
[19:01:33] [ERROR] ! 	at TRANSFORMER/rhino@1902.2.2-build.268/dev.latvian.mods.rhino.ArrowFunction.call(ArrowFunction.java:42)
[19:01:33] [ERROR] ! 	at TRANSFORMER/rhino@1902.2.2-build.268/dev.latvian.mods.rhino.NativeArray.iterativeMethod(NativeArray.java:1314)
[19:01:33] [ERROR] ! 	at TRANSFORMER/rhino@1902.2.2-build.268/dev.latvian.mods.rhino.NativeArray.execIdCall(NativeArray.java:1798)
[19:01:33] [ERROR] ! 	at TRANSFORMER/rhino@1902.2.2-build.268/dev.latvian.mods.rhino.IdFunctionObject.call(IdFunctionObject.java:103)
[19:01:33] [ERROR] ! 	at TRANSFORMER/rhino@1902.2.2-build.268/dev.latvian.mods.rhino.Interpreter.interpretLoop(Interpreter.java:1086)
[19:01:33] [ERROR] ! 	at TRANSFORMER/rhino@1902.2.2-build.268/dev.latvian.mods.rhino.InterpretedFunction.call(InterpretedFunction.java:70)
[19:01:33] [ERROR] ! 	at TRANSFORMER/rhino@1902.2.2-build.268/dev.latvian.mods.rhino.ArrowFunction.call(ArrowFunction.java:42)
[19:01:33] [ERROR] ! 	at TRANSFORMER/rhino@1902.2.2-build.268/dev.latvian.mods.rhino.Interpreter.interpret(Interpreter.java:423)
[19:01:33] [ERROR] ! 	at TRANSFORMER/rhino@1902.2.2-build.268/dev.latvian.mods.rhino.InterpretedFunction.call(InterpretedFunction.java:72)
[19:01:33] [ERROR] ! 	at TRANSFORMER/rhino@1902.2.2-build.268/dev.latvian.mods.rhino.ArrowFunction.call(ArrowFunction.java:42)
[19:01:33] [ERROR] ! 	at TRANSFORMER/rhino@1902.2.2-build.268/dev.latvian.mods.rhino.InterfaceAdapter.invokeImpl(InterfaceAdapter.java:129)
[19:01:33] [ERROR] ! 	at TRANSFORMER/rhino@1902.2.2-build.268/dev.latvian.mods.rhino.InterfaceAdapter.invoke(InterfaceAdapter.java:88)
[19:01:33] [ERROR] ! 	at TRANSFORMER/rhino@1902.2.2-build.268/dev.latvian.mods.rhino.VMBridge.lambda$newInterfaceProxy$0(VMBridge.java:70)
[19:01:33] [ERROR] ! 	at TRANSFORMER/jdk.proxy3/jdk.proxy3.$Proxy96.onEvent(Unknown Source)
[19:01:33] [ERROR] ! 	at TRANSFORMER/kubejs@1902.6.1-build.352/dev.latvian.mods.kubejs.event.EventHandlerContainer.handle(EventHandlerContainer.java:39)
[19:01:33] [ERROR] ! 	at TRANSFORMER/kubejs@1902.6.1-build.352/dev.latvian.mods.kubejs.event.EventHandler.postToHandlers(EventHandler.java:302)
[19:01:33] [ERROR] ! 	at TRANSFORMER/rhino@1902.2.2-build.268/dev.latvian.mods.rhino.InterfaceAdapter.invokeImpl(InterfaceAdapter.java:129)
[19:01:33] [ERROR] ! 	at TRANSFORMER/rhino@1902.2.2-build.268/dev.latvian.mods.rhino.InterfaceAdapter.invoke(InterfaceAdapter.java:88)
[19:01:33] [ERROR] ! 	at TRANSFORMER/rhino@1902.2.2-build.268/dev.latvian.mods.rhino.VMBridge.lambda$newInterfaceProxy$0(VMBridge.java:70)
[19:01:33] [ERROR] ! 	at TRANSFORMER/jdk.proxy3/jdk.proxy3.$Proxy96.onEvent(Unknown Source)
[19:01:33] [ERROR] ! 	at TRANSFORMER/kubejs@1902.6.1-build.352/dev.latvian.mods.kubejs.event.EventHandler.post(EventHandler.java:264)
[19:01:33] [ERROR] ! 	at TRANSFORMER/kubejs@1902.6.1-build.352/dev.latvian.mods.kubejs.event.EventHandler.post(EventHandler.java:226)
[19:01:33] [ERROR] ! 	at TRANSFORMER/kubejs@1902.6.1-build.352/dev.latvian.mods.kubejs.event.EventHandlerContainer.handle(EventHandlerContainer.java:39)
[19:01:33] [ERROR] ! 	at TRANSFORMER/kubejs@1902.6.1-build.352/dev.latvian.mods.kubejs.event.EventHandler.postToHandlers(EventHandler.java:302)
[19:01:33] [ERROR] ! 	at TRANSFORMER/kubejs@1902.6.1-build.352/dev.latvian.mods.kubejs.event.EventHandler.post(EventHandler.java:264)
[19:01:33] [ERROR] ! 	at TRANSFORMER/kubejs@1902.6.1-build.352/dev.latvian.mods.kubejs.event.EventHandler.post(EventHandler.java:226)
[19:01:33] [ERROR] ! 	at TRANSFORMER/kubejs@1902.6.1-build.352/dev.latvian.mods.kubejs.event.EventHandler.post(EventHandler.java:205)
[19:01:33] [ERROR] ! 	at TRANSFORMER/kubejs@1902.6.1-build.352/dev.latvian.mods.kubejs.server.TagEventJS.post(TagEventJS.java:243)
[19:01:33] [ERROR] ! 	at TRANSFORMER/kubejs@1902.6.1-build.352/dev.latvian.mods.kubejs.core.TagLoaderKJS.kjs$customTags(TagLoaderKJS.java:27)
[19:01:33] [ERROR] ! 	at TRANSFORMER/minecraft@1.19.2/net.minecraft.tags.TagLoader.handler$zzk000$customTags(TagLoader.java:532)
[19:01:33] [ERROR] ! 	at TRANSFORMER/kubejs@1902.6.1-build.352/dev.latvian.mods.kubejs.event.EventHandler.post(EventHandler.java:205)
[19:01:33] [ERROR] ! 	at TRANSFORMER/kubejs@1902.6.1-build.352/dev.latvian.mods.kubejs.server.TagEventJS.post(TagEventJS.java:243)
[19:01:33] [ERROR] ! 	at TRANSFORMER/kubejs@1902.6.1-build.352/dev.latvian.mods.kubejs.core.TagLoaderKJS.kjs$customTags(TagLoaderKJS.java:27)
[19:01:33] [ERROR] ! 	at TRANSFORMER/minecraft@1.19.2/net.minecraft.tags.TagLoader.handler$zzk000$customTags(TagLoader.java:532)
[19:01:33] [ERROR] ! 	at TRANSFORMER/minecraft@1.19.2/net.minecraft.tags.TagLoader.m_144495_(TagLoader.java:92)
[19:01:33] [ERROR] ! 	at TRANSFORMER/minecraft@1.19.2/net.minecraft.tags.TagLoader.m_144495_(TagLoader.java:92)
[19:01:33] [ERROR] ! 	at TRANSFORMER/minecraft@1.19.2/net.minecraft.tags.TagLoader.m_203900_(TagLoader.java:177)
[19:01:33] [ERROR] ! 	at TRANSFORMER/minecraft@1.19.2/net.minecraft.tags.TagLoader.m_203900_(TagLoader.java:177)
[19:01:33] [ERROR] ! 	at TRANSFORMER/minecraft@1.19.2/net.minecraft.tags.TagManager.m_203920_(TagManager.java:54)
[19:01:33] [ERROR] ! 	at java.base/java.util.concurrent.CompletableFuture$AsyncSupply.run(CompletableFuture.java:1768)
[19:01:33] [ERROR] ! 	at java.base/java.util.concurrent.CompletableFuture$AsyncSupply.exec(CompletableFuture.java:1760)
[19:01:33] [ERROR] ! 	at java.base/java.util.concurrent.ForkJoinTask.doExec(ForkJoinTask.java:373)
[19:01:33] [ERROR] ! 	at java.base/java.util.concurrent.ForkJoinPool$WorkQueue.topLevelExec(ForkJoinPool.java:1182)
[19:01:33] [ERROR] ! 	at java.base/java.util.concurrent.ForkJoinPool.scan(ForkJoinPool.java:1655)
[19:01:33] [ERROR] ! 	at java.base/java.util.concurrent.ForkJoinPool.runWorker(ForkJoinPool.java:1622)
[19:01:33] [ERROR] ! 	at java.base/java.util.concurrent.ForkJoinWorkerThread.run(ForkJoinWorkerThread.java:165)
[19:01:33] [INFO] [minecraft:item] Found 4089 tags, added 37 objects, removed 0 objects
[19:01:33] [ERROR] ! 	at TRANSFORMER/minecraft@1.19.2/net.minecraft.tags.TagManager.m_203920_(TagManager.java:54)
[19:01:33] [ERROR] ! 	at java.base/java.util.concurrent.CompletableFuture$AsyncSupply.run(CompletableFuture.java:1768)
[19:01:33] [ERROR] ! 	at java.base/java.util.concurrent.CompletableFuture$AsyncSupply.exec(CompletableFuture.java:1760)
[19:01:33] [ERROR] ! 	at java.base/java.util.concurrent.ForkJoinTask.doExec(ForkJoinTask.java:373)
[19:01:33] [ERROR] ! 	at java.base/java.util.concurrent.ForkJoinPool$WorkQueue.topLevelExec(ForkJoinPool.java:1182)
[19:01:33] [ERROR] ! 	at java.base/java.util.concurrent.ForkJoinPool.scan(ForkJoinPool.java:1655)
[19:01:33] [ERROR] ! 	at java.base/java.util.concurrent.ForkJoinPool.runWorker(ForkJoinPool.java:1622)
[19:01:33] [ERROR] ! 	at java.base/java.util.concurrent.ForkJoinWorkerThread.run(ForkJoinWorkerThread.java:165)
[19:01:33] [INFO] [minecraft:block] Found 1824 tags, added 525 objects, removed 0 objects
[19:01:43] [INFO] Processing recipes...
[19:01:43] [INFO] Found 40522 recipes in 351.3 ms
[19:01:50] [INFO] Posted recipe events in 6.675 s
[19:01:50] [WARN] Error parsing recipe railways:sequenced_assembly/track_biomesoplenty_hellbark[create:sequenced_assembly]: {"type":"create:sequenced_assembly","ingredient":{"item":"biomesoplenty:hellbark_slab"},"loops":1,"results":[{"item":"railways:track_biomesoplenty_hellbark"}],"sequence":[{"type":"create:deploying","ingredients":[{"item":"railways:track_incomplete_biomesoplenty_hellbark"},[{"tag":"railways:internal/nuggets/iron_nuggets"},{"tag":"railways:internal/nuggets/zinc_nuggets"}]],"results":[{"item":"railways:track_incomplete_biomesoplenty_hellbark"}]},{"type":"create:deploying","ingredients":[{"item":"railways:track_incomplete_biomesoplenty_hellbark"},[{"tag":"railways:internal/nuggets/iron_nuggets"},{"tag":"railways:internal/nuggets/zinc_nuggets"}]],"results":[{"item":"railways:track_incomplete_biomesoplenty_hellbark"}]},{"type":"create:pressing","ingredients":[{"item":"railways:track_incomplete_biomesoplenty_hellbark"}],"results":[{"item":"railways:track_incomplete_biomesoplenty_hellbark"}]}],"transitionalItem":{"item":"railways:track_incomplete_biomesoplenty_hellbark"}}: com.google.gson.JsonSyntaxException: Unknown item 'biomesoplenty:hellbark_slab'
[19:01:50] [WARN] Error parsing recipe railways:sequenced_assembly/track_biomesoplenty_cherry[create:sequenced_assembly]: {"type":"create:sequenced_assembly","ingredient":{"item":"biomesoplenty:cherry_slab"},"loops":1,"results":[{"item":"railways:track_biomesoplenty_cherry"}],"sequence":[{"type":"create:deploying","ingredients":[{"item":"railways:track_incomplete_biomesoplenty_cherry"},[{"tag":"railways:internal/nuggets/iron_nuggets"},{"tag":"railways:internal/nuggets/zinc_nuggets"}]],"results":[{"item":"railways:track_incomplete_biomesoplenty_cherry"}]},{"type":"create:deploying","ingredients":[{"item":"railways:track_incomplete_biomesoplenty_cherry"},[{"tag":"railways:internal/nuggets/iron_nuggets"},{"tag":"railways:internal/nuggets/zinc_nuggets"}]],"results":[{"item":"railways:track_incomplete_biomesoplenty_cherry"}]},{"type":"create:pressing","ingredients":[{"item":"railways:track_incomplete_biomesoplenty_cherry"}],"results":[{"item":"railways:track_incomplete_biomesoplenty_cherry"}]}],"transitionalItem":{"item":"railways:track_incomplete_biomesoplenty_cherry"}}: com.google.gson.JsonSyntaxException: Unknown item 'biomesoplenty:cherry_slab'
[19:01:50] [WARN] Error parsing recipe railways:sequenced_assembly/track_biomesoplenty_mahogany[create:sequenced_assembly]: {"type":"create:sequenced_assembly","ingredient":{"item":"biomesoplenty:mahogany_slab"},"loops":1,"results":[{"item":"railways:track_biomesoplenty_mahogany"}],"sequence":[{"type":"create:deploying","ingredients":[{"item":"railways:track_incomplete_biomesoplenty_mahogany"},[{"tag":"railways:internal/nuggets/iron_nuggets"},{"tag":"railways:internal/nuggets/zinc_nuggets"}]],"results":[{"item":"railways:track_incomplete_biomesoplenty_mahogany"}]},{"type":"create:deploying","ingredients":[{"item":"railways:track_incomplete_biomesoplenty_mahogany"},[{"tag":"railways:internal/nuggets/iron_nuggets"},{"tag":"railways:internal/nuggets/zinc_nuggets"}]],"results":[{"item":"railways:track_incomplete_biomesoplenty_mahogany"}]},{"type":"create:pressing","ingredients":[{"item":"railways:track_incomplete_biomesoplenty_mahogany"}],"results":[{"item":"railways:track_incomplete_biomesoplenty_mahogany"}]}],"transitionalItem":{"item":"railways:track_incomplete_biomesoplenty_mahogany"}}: com.google.gson.JsonSyntaxException: Unknown item 'biomesoplenty:mahogany_slab'
[19:01:50] [WARN] Error parsing recipe railways:sequenced_assembly/track_biomesoplenty_redwood[create:sequenced_assembly]: {"type":"create:sequenced_assembly","ingredient":{"item":"biomesoplenty:redwood_slab"},"loops":1,"results":[{"item":"railways:track_biomesoplenty_redwood"}],"sequence":[{"type":"create:deploying","ingredients":[{"item":"railways:track_incomplete_biomesoplenty_redwood"},[{"tag":"railways:internal/nuggets/iron_nuggets"},{"tag":"railways:internal/nuggets/zinc_nuggets"}]],"results":[{"item":"railways:track_incomplete_biomesoplenty_redwood"}]},{"type":"create:deploying","ingredients":[{"item":"railways:track_incomplete_biomesoplenty_redwood"},[{"tag":"railways:internal/nuggets/iron_nuggets"},{"tag":"railways:internal/nuggets/zinc_nuggets"}]],"results":[{"item":"railways:track_incomplete_biomesoplenty_redwood"}]},{"type":"create:pressing","ingredients":[{"item":"railways:track_incomplete_biomesoplenty_redwood"}],"results":[{"item":"railways:track_incomplete_biomesoplenty_redwood"}]}],"transitionalItem":{"item":"railways:track_incomplete_biomesoplenty_redwood"}}: com.google.gson.JsonSyntaxException: Unknown item 'biomesoplenty:redwood_slab'
[19:01:50] [WARN] Error parsing recipe railways:sequenced_assembly/track_biomesoplenty_jacaranda[create:sequenced_assembly]: {"type":"create:sequenced_assembly","ingredient":{"item":"biomesoplenty:jacaranda_slab"},"loops":1,"results":[{"item":"railways:track_biomesoplenty_jacaranda"}],"sequence":[{"type":"create:deploying","ingredients":[{"item":"railways:track_incomplete_biomesoplenty_jacaranda"},[{"tag":"railways:internal/nuggets/iron_nuggets"},{"tag":"railways:internal/nuggets/zinc_nuggets"}]],"results":[{"item":"railways:track_incomplete_biomesoplenty_jacaranda"}]},{"type":"create:deploying","ingredients":[{"item":"railways:track_incomplete_biomesoplenty_jacaranda"},[{"tag":"railways:internal/nuggets/iron_nuggets"},{"tag":"railways:internal/nuggets/zinc_nuggets"}]],"results":[{"item":"railways:track_incomplete_biomesoplenty_jacaranda"}]},{"type":"create:pressing","ingredients":[{"item":"railways:track_incomplete_biomesoplenty_jacaranda"}],"results":[{"item":"railways:track_incomplete_biomesoplenty_jacaranda"}]}],"transitionalItem":{"item":"railways:track_incomplete_biomesoplenty_jacaranda"}}: com.google.gson.JsonSyntaxException: Unknown item 'biomesoplenty:jacaranda_slab'
[19:01:50] [WARN] Error parsing recipe railways:sequenced_assembly/track_biomesoplenty_dead[create:sequenced_assembly]: {"type":"create:sequenced_assembly","ingredient":{"item":"biomesoplenty:dead_slab"},"loops":1,"results":[{"item":"railways:track_biomesoplenty_dead"}],"sequence":[{"type":"create:deploying","ingredients":[{"item":"railways:track_incomplete_biomesoplenty_dead"},[{"tag":"railways:internal/nuggets/iron_nuggets"},{"tag":"railways:internal/nuggets/zinc_nuggets"}]],"results":[{"item":"railways:track_incomplete_biomesoplenty_dead"}]},{"type":"create:deploying","ingredients":[{"item":"railways:track_incomplete_biomesoplenty_dead"},[{"tag":"railways:internal/nuggets/iron_nuggets"},{"tag":"railways:internal/nuggets/zinc_nuggets"}]],"results":[{"item":"railways:track_incomplete_biomesoplenty_dead"}]},{"type":"create:pressing","ingredients":[{"item":"railways:track_incomplete_biomesoplenty_dead"}],"results":[{"item":"railways:track_incomplete_biomesoplenty_dead"}]}],"transitionalItem":{"item":"railways:track_incomplete_biomesoplenty_dead"}}: com.google.gson.JsonSyntaxException: Unknown item 'biomesoplenty:dead_slab'
[19:01:50] [WARN] Error parsing recipe railways:sequenced_assembly/track_hexcasting_edified[create:sequenced_assembly]: {"type":"create:sequenced_assembly","ingredient":{"item":"hexcasting:akashic_slab"},"loops":1,"results":[{"item":"railways:track_hexcasting_edified"}],"sequence":[{"type":"create:deploying","ingredients":[{"item":"railways:track_incomplete_hexcasting_edified"},[{"tag":"railways:internal/nuggets/iron_nuggets"},{"tag":"railways:internal/nuggets/zinc_nuggets"}]],"results":[{"item":"railways:track_incomplete_hexcasting_edified"}]},{"type":"create:deploying","ingredients":[{"item":"railways:track_incomplete_hexcasting_edified"},[{"tag":"railways:internal/nuggets/iron_nuggets"},{"tag":"railways:internal/nuggets/zinc_nuggets"}]],"results":[{"item":"railways:track_incomplete_hexcasting_edified"}]},{"type":"create:pressing","ingredients":[{"item":"railways:track_incomplete_hexcasting_edified"}],"results":[{"item":"railways:track_incomplete_hexcasting_edified"}]}],"transitionalItem":{"item":"railways:track_incomplete_hexcasting_edified"}}: com.google.gson.JsonSyntaxException: Unknown item 'hexcasting:akashic_slab'
[19:01:50] [WARN] Error parsing recipe railways:sequenced_assembly/track_biomesoplenty_willow[create:sequenced_assembly]: {"type":"create:sequenced_assembly","ingredient":{"item":"biomesoplenty:willow_slab"},"loops":1,"results":[{"item":"railways:track_biomesoplenty_willow"}],"sequence":[{"type":"create:deploying","ingredients":[{"item":"railways:track_incomplete_biomesoplenty_willow"},[{"tag":"railways:internal/nuggets/iron_nuggets"},{"tag":"railways:internal/nuggets/zinc_nuggets"}]],"results":[{"item":"railways:track_incomplete_biomesoplenty_willow"}]},{"type":"create:deploying","ingredients":[{"item":"railways:track_incomplete_biomesoplenty_willow"},[{"tag":"railways:internal/nuggets/iron_nuggets"},{"tag":"railways:internal/nuggets/zinc_nuggets"}]],"results":[{"item":"railways:track_incomplete_biomesoplenty_willow"}]},{"type":"create:pressing","ingredients":[{"item":"railways:track_incomplete_biomesoplenty_willow"}],"results":[{"item":"railways:track_incomplete_biomesoplenty_willow"}]}],"transitionalItem":{"item":"railways:track_incomplete_biomesoplenty_willow"}}: com.google.gson.JsonSyntaxException: Unknown item 'biomesoplenty:willow_slab'
[19:01:50] [WARN] Error parsing recipe railways:sequenced_assembly/track_byg_white_mangrove[create:sequenced_assembly]: {"type":"create:sequenced_assembly","ingredient":{"item":"byg:mangrove_slab"},"loops":1,"results":[{"item":"railways:track_byg_white_mangrove"}],"sequence":[{"type":"create:deploying","ingredients":[{"item":"railways:track_incomplete_byg_white_mangrove"},[{"tag":"railways:internal/nuggets/iron_nuggets"},{"tag":"railways:internal/nuggets/zinc_nuggets"}]],"results":[{"item":"railways:track_incomplete_byg_white_mangrove"}]},{"type":"create:deploying","ingredients":[{"item":"railways:track_incomplete_byg_white_mangrove"},[{"tag":"railways:internal/nuggets/iron_nuggets"},{"tag":"railways:internal/nuggets/zinc_nuggets"}]],"results":[{"item":"railways:track_incomplete_byg_white_mangrove"}]},{"type":"create:pressing","ingredients":[{"item":"railways:track_incomplete_byg_white_mangrove"}],"results":[{"item":"railways:track_incomplete_byg_white_mangrove"}]}],"transitionalItem":{"item":"railways:track_incomplete_byg_white_mangrove"}}: com.google.gson.JsonSyntaxException: Unknown item 'byg:mangrove_slab'
[19:01:51] [WARN] Error parsing recipe railways:sequenced_assembly/track_biomesoplenty_fir[create:sequenced_assembly]: {"type":"create:sequenced_assembly","ingredient":{"item":"biomesoplenty:fir_slab"},"loops":1,"results":[{"item":"railways:track_biomesoplenty_fir"}],"sequence":[{"type":"create:deploying","ingredients":[{"item":"railways:track_incomplete_biomesoplenty_fir"},[{"tag":"railways:internal/nuggets/iron_nuggets"},{"tag":"railways:internal/nuggets/zinc_nuggets"}]],"results":[{"item":"railways:track_incomplete_biomesoplenty_fir"}]},{"type":"create:deploying","ingredients":[{"item":"railways:track_incomplete_biomesoplenty_fir"},[{"tag":"railways:internal/nuggets/iron_nuggets"},{"tag":"railways:internal/nuggets/zinc_nuggets"}]],"results":[{"item":"railways:track_incomplete_biomesoplenty_fir"}]},{"type":"create:pressing","ingredients":[{"item":"railways:track_incomplete_biomesoplenty_fir"}],"results":[{"item":"railways:track_incomplete_biomesoplenty_fir"}]}],"transitionalItem":{"item":"railways:track_incomplete_biomesoplenty_fir"}}: com.google.gson.JsonSyntaxException: Unknown item 'biomesoplenty:fir_slab'
[19:01:51] [WARN] Error parsing recipe railways:sequenced_assembly/track_biomesoplenty_palm[create:sequenced_assembly]: {"type":"create:sequenced_assembly","ingredient":{"item":"biomesoplenty:palm_slab"},"loops":1,"results":[{"item":"railways:track_biomesoplenty_palm"}],"sequence":[{"type":"create:deploying","ingredients":[{"item":"railways:track_incomplete_biomesoplenty_palm"},[{"tag":"railways:internal/nuggets/iron_nuggets"},{"tag":"railways:internal/nuggets/zinc_nuggets"}]],"results":[{"item":"railways:track_incomplete_biomesoplenty_palm"}]},{"type":"create:deploying","ingredients":[{"item":"railways:track_incomplete_biomesoplenty_palm"},[{"tag":"railways:internal/nuggets/iron_nuggets"},{"tag":"railways:internal/nuggets/zinc_nuggets"}]],"results":[{"item":"railways:track_incomplete_biomesoplenty_palm"}]},{"type":"create:pressing","ingredients":[{"item":"railways:track_incomplete_biomesoplenty_palm"}],"results":[{"item":"railways:track_incomplete_biomesoplenty_palm"}]}],"transitionalItem":{"item":"railways:track_incomplete_biomesoplenty_palm"}}: com.google.gson.JsonSyntaxException: Unknown item 'biomesoplenty:palm_slab'
[19:01:51] [WARN] Error parsing recipe railways:sequenced_assembly/track_biomesoplenty_magic[create:sequenced_assembly]: {"type":"create:sequenced_assembly","ingredient":{"item":"biomesoplenty:magic_slab"},"loops":1,"results":[{"item":"railways:track_biomesoplenty_magic"}],"sequence":[{"type":"create:deploying","ingredients":[{"item":"railways:track_incomplete_biomesoplenty_magic"},[{"tag":"railways:internal/nuggets/iron_nuggets"},{"tag":"railways:internal/nuggets/zinc_nuggets"}]],"results":[{"item":"railways:track_incomplete_biomesoplenty_magic"}]},{"type":"create:deploying","ingredients":[{"item":"railways:track_incomplete_biomesoplenty_magic"},[{"tag":"railways:internal/nuggets/iron_nuggets"},{"tag":"railways:internal/nuggets/zinc_nuggets"}]],"results":[{"item":"railways:track_incomplete_biomesoplenty_magic"}]},{"type":"create:pressing","ingredients":[{"item":"railways:track_incomplete_biomesoplenty_magic"}],"results":[{"item":"railways:track_incomplete_biomesoplenty_magic"}]}],"transitionalItem":{"item":"railways:track_incomplete_biomesoplenty_magic"}}: com.google.gson.JsonSyntaxException: Unknown item 'biomesoplenty:magic_slab'
[19:01:51] [WARN] Error parsing recipe railways:sequenced_assembly/track_biomesoplenty_umbran[create:sequenced_assembly]: {"type":"create:sequenced_assembly","ingredient":{"item":"biomesoplenty:umbran_slab"},"loops":1,"results":[{"item":"railways:track_biomesoplenty_umbran"}],"sequence":[{"type":"create:deploying","ingredients":[{"item":"railways:track_incomplete_biomesoplenty_umbran"},[{"tag":"railways:internal/nuggets/iron_nuggets"},{"tag":"railways:internal/nuggets/zinc_nuggets"}]],"results":[{"item":"railways:track_incomplete_biomesoplenty_umbran"}]},{"type":"create:deploying","ingredients":[{"item":"railways:track_incomplete_biomesoplenty_umbran"},[{"tag":"railways:internal/nuggets/iron_nuggets"},{"tag":"railways:internal/nuggets/zinc_nuggets"}]],"results":[{"item":"railways:track_incomplete_biomesoplenty_umbran"}]},{"type":"create:pressing","ingredients":[{"item":"railways:track_incomplete_biomesoplenty_umbran"}],"results":[{"item":"railways:track_incomplete_biomesoplenty_umbran"}]}],"transitionalItem":{"item":"railways:track_incomplete_biomesoplenty_umbran"}}: com.google.gson.JsonSyntaxException: Unknown item 'biomesoplenty:umbran_slab'
[19:01:51] [INFO] Added 1397 recipes, removed 257 recipes, modified 5 recipes, with 13 failed recipes in 1.357 s
