[19:08:44] [INIT] KubeJS 1902.6.1-build.352; MC 1902 forge
[19:08:44] [INIT] Loaded plugins:
[19:08:44] [INIT] - dev.latvian.mods.kubejs.forge.BuiltinKubeJSForgePlugin
[19:08:44] [INIT] - dev.ftb.mods.ftbic.kubejs.FTBICKubeJSPlugin
[19:08:44] [INIT] - com.almostreliable.ponderjs.PonderJSPlugin
[19:08:44] [INIT] - com.klikli_dev.modonomicon.integration.kubejs.ModonomiconKubeJSPlugin
[19:09:27] [INFO] Loaded script startup_scripts:botanyPots.js in 7.029 s
[19:09:28] [INFO] Loaded script startup_scripts:custom_additions.js in 0.739 s
[19:09:29] [INFO] startup_scripts:farmingForBlockheads.js:7: Loaded Java class 'net.blay09.mods.farmingforblockheads.api.FarmingForBlockheadsAPI'
[19:09:29] [INFO] Loaded script startup_scripts:farmingForBlockheads.js in 0.662 s
[19:09:29] [INFO] startup_scripts:mekanismStartup.js:16: Loaded Java class 'mekanism.api.chemical.slurry.Slurry'
[19:09:29] [INFO] startup_scripts:mekanismStartup.js:17: Loaded Java class 'mekanism.api.chemical.slurry.SlurryBuilder'
[19:09:30] [INFO] Loaded script startup_scripts:mekanismStartup.js in 0.689 s
[19:09:30] [INFO] startup_scripts:mysticalagriculture.js:1: Loaded Java class 'com.blakebr0.mysticalagriculture.api.MysticalAgricultureAPI'
[19:09:30] [INFO] Loaded script startup_scripts:mysticalagriculture.js in 0.092 s
[19:09:30] [INFO] Loaded script startup_scripts:observeMekanism.js in 0.0 s
[19:09:30] [INFO] Loaded script startup_scripts:settings.js in 0.139 s
[19:09:30] [INFO] startup_scripts:tool_tiers.js:1: Loaded Java class 'net.minecraftforge.common.TierSortingRegistry'
[19:09:30] [INFO] startup_scripts:tool_tiers.js:2: Loaded Java class 'net.minecraft.world.item.Tiers'
[19:09:30] [INFO] startup_scripts:tool_tiers.js:5: Loaded Java class 'vazkii.botania.api.BotaniaAPI'
[19:09:30] [INFO] startup_scripts:tool_tiers.js:6: Loaded Java class 'de.melanx.aiotbotania.items.ItemTiers'
[19:09:30] [INFO] startup_scripts:tool_tiers.js:8: Loaded Java class 'appeng.items.tools.fluix.FluixToolType'
[19:09:30] [INFO] startup_scripts:tool_tiers.js:9: Loaded Java class 'appeng.items.tools.quartz.QuartzToolType'
[19:09:30] [INFO] startup_scripts:tool_tiers.js:11: Loaded Java class 'com.legacy.blue_skies.items.util.SkiesItemTier'
[19:09:31] [INFO] startup_scripts:tool_tiers.js:13: Loaded Java class 'com.blakebr0.mysticalagriculture.lib.ModItemTier'
[19:09:31] [INFO] startup_scripts:tool_tiers.js:15: Loaded Java class 'de.ellpeck.naturesaura.reg.ModItemTier'
[19:09:31] [INFO] startup_scripts:tool_tiers.js:17: Loaded Java class 'com.klikli_dev.occultism.api.common.misc.OccultismItemTier'
[19:09:31] [INFO] startup_scripts:tool_tiers.js:19: Loaded Java class 'me.codexadrian.spirit.items.SoulMetalMaterial'
[19:09:31] [INFO] startup_scripts:tool_tiers.js:21: Loaded Java class 'blusunrize.immersiveengineering.api.Lib'
[19:09:31] [INFO] startup_scripts:tool_tiers.js:23: Loaded Java class 'com.teammetallurgy.aquaculture.api.AquacultureAPI'
[19:09:31] [INFO] startup_scripts:tool_tiers.js:25: Loaded Java class 'com.kyanite.deeperdarker.miscellaneous.DDTiers'
[19:09:31] [INFO] startup_scripts:tool_tiers.js:27: Loaded Java class 'potionstudios.byg.common.item.BYGTier'
[19:09:31] [INFO] startup_scripts:tool_tiers.js:29: Loaded Java class 'cofh.redstonearsenal.init.RSAItems'
[19:09:32] [INFO] Loaded script startup_scripts:tool_tiers.js in 1.679 s
[19:09:32] [INFO] Loaded script startup_scripts:worldgen.js in 0.02 s
[19:09:32] [INFO] Loaded 9/9 KubeJS startup scripts in 42.381 s
